docs/templates/template_validate_validator.py:32: error: Cannot find implementation or library stub for module named "foundation.base.model_base"  [import-not-found]
docs/templates/template_validate_validator.py:37: error: Cannot find implementation or library stub for module named "foundation.protocol.protocol_validate"  [import-not-found]
docs/templates/template_validate_validator.py:38: error: Cannot find implementation or library stub for module named "foundation.script.validate.validator_registry"  [import-not-found]
docs/templates/template_validate_validator.py:38: note: See https://mypy.readthedocs.io/en/stable/running_mypy.html#missing-imports
tests/protocol/test_reducer_snapshot.py:43: error: Return type "None" of "initial_state" incompatible with return type "StateModel" in supertype "ProtocolReducer"  [override]
tests/utils/test_file_discovery_sources.py:22: error: Returning Any from function declared to return "int"  [no-any-return]
tests/utils/test_utils_uri_parser.py:28: error: Returning Any from function declared to return "str"  [no-any-return]
tests/utils/test_node_metadata_extractor.py:132: error: Returning Any from function declared to return "str"  [no-any-return]
tests/tools/test_cli_stamp_integration.py:82: error: Value of type "dict[str, Any] | None" is not indexable  [index]
tests/tools/test_cli_stamp_directory.py:85: error: Value of type "dict[str, Any] | None" is not indexable  [index]
tests/tools/test_cli_stamp_directory.py:86: error: Value of type "dict[str, Any] | None" is not indexable  [index]
tests/tools/test_cli_stamp_directory.py:100: error: Value of type "dict[str, Any] | None" is not indexable  [index]
tests/tools/test_cli_stamp_directory.py:101: error: Value of type "dict[str, Any] | None" is not indexable  [index]
tests/tools/test_cli_stamp_directory.py:117: error: Value of type "dict[str, Any] | None" is not indexable  [index]
tests/tools/test_cli_stamp_directory.py:118: error: Value of type "dict[str, Any] | None" is not indexable  [index]
tests/tools/test_cli_stamp_directory.py:132: error: Value of type "dict[str, Any] | None" is not indexable  [index]
tests/tools/test_cli_stamp_directory.py:133: error: Value of type "dict[str, Any] | None" is not indexable  [index]
tests/tools/test_cli_stamp_directory.py:152: error: Value of type "dict[str, Any] | None" is not indexable  [index]
tests/tools/test_cli_stamp_directory.py:153: error: Value of type "dict[str, Any] | None" is not indexable  [index]
tests/tools/test_cli_stamp_directory.py:168: error: Value of type "dict[str, Any] | None" is not indexable  [index]
tests/tools/test_cli_stamp_directory.py:169: error: Value of type "dict[str, Any] | None" is not indexable  [index]
Found 20 errors in 7 files (checked 118 source files)
